<?xml version="1.0" encoding="UTF-8"?>
<!-- Generated by org.testng.reporters.JUnitReportReporter -->
<testsuite hostname="Sabyasachi-PC" name="rnd.GoogleTest" tests="2" failures="0" timestamp="8 Jun 2015 19:18:08 GMT" time="5.477" errors="0">
  <testcase name="signinTest" time="3.125" classname="rnd.GoogleTest"/>
  <testcase name="GoogleMapTest_Json" time="2.352" classname="rnd.GoogleTest"/>
</testsuite> <!-- rnd.GoogleTest -->
