<?xml version="1.0" encoding="UTF-8"?>
<!-- Generated by org.testng.reporters.JUnitReportReporter -->
<testsuite hostname="Sabyasachi-PC" name="rnd.apitest.GoogleTest" tests="2" failures="0" timestamp="12 Jun 2015 20:05:18 GMT" time="3.829" errors="0">
  <testcase name="GoogleMapTest_Json" time="2.190" classname="rnd.apitest.GoogleTest"/>
  <testcase name="signinTest" time="1.639" classname="rnd.apitest.GoogleTest"/>
</testsuite> <!-- rnd.apitest.GoogleTest -->
